0 verbose cli C:\Program Files\nodejs\node.exe C:\Program Files\nodejs\node_modules\npm\bin\npm-cli.js
1 info using npm@10.8.2
2 info using node@v20.19.0
3 silly config load:file:C:\Program Files\nodejs\node_modules\npm\npmrc
4 silly config load:file:C:\xampp\htdocs\example-app\.npmrc
5 silly config load:file:C:\Users\mvespiritu\.npmrc
6 silly config load:file:C:\Users\mvespiritu\AppData\Roaming\npm\etc\npmrc
7 verbose title npm run build
8 verbose argv "run" "build"
9 verbose logfile logs-max:10 dir:c:\xampp\htdocs\example-app\.npm-cache\_logs\2026-04-16T09_19_44_688Z-
10 verbose logfile c:\xampp\htdocs\example-app\.npm-cache\_logs\2026-04-16T09_19_44_688Z-debug-0.log
11 silly logfile done cleaning log files
12 http fetch GET 200 https://registry.npmjs.org/npm 474ms
13 verbose cwd C:\xampp\htdocs\example-app
14 verbose os Windows_NT 10.0.26200
15 verbose node v20.19.0
16 verbose npm  v10.8.2
17 notice
17 notice New major version of npm available! 10.8.2 -> 11.12.1
17 notice Changelog: https://github.com/npm/cli/releases/tag/v11.12.1
17 notice To update run: npm install -g npm@11.12.1
17 notice  { force: true, [Symbol(proc-log.meta)]: true }
18 verbose exit 0
19 info ok
